[1.299s] Invoking command in '/home/robu/work/robu_brajon19_ws/src/robu': PYTHONPATH=/home/robu/work/robu_brajon19_ws/build/robu/prefix_override:/home/robu/work/robu_brajon19_ws/install/robu/lib/python3.10/site-packages:${PYTHONPATH} /usr/bin/python3 setup.py egg_info --egg-base ../../build/robu build --build-base /home/robu/work/robu_brajon19_ws/build/robu/build install --record /home/robu/work/robu_brajon19_ws/build/robu/install.log --single-version-externally-managed
[1.907s] running egg_info
[1.908s] writing ../../build/robu/robu.egg-info/PKG-INFO
[1.909s] writing dependency_links to ../../build/robu/robu.egg-info/dependency_links.txt
[1.909s] writing entry points to ../../build/robu/robu.egg-info/entry_points.txt
[1.911s] writing requirements to ../../build/robu/robu.egg-info/requires.txt
[1.911s] writing top-level names to ../../build/robu/robu.egg-info/top_level.txt
[1.918s] reading manifest file '../../build/robu/robu.egg-info/SOURCES.txt'
[1.919s] writing manifest file '../../build/robu/robu.egg-info/SOURCES.txt'
[1.920s] running build
[1.920s] running build_py
[1.921s] running install
[1.921s] running install_lib
[1.926s] running install_data
[1.927s] running install_egg_info
[1.931s] removing '/home/robu/work/robu_brajon19_ws/install/robu/lib/python3.10/site-packages/robu-0.0.0-py3.10.egg-info' (and everything under it)
[1.933s] Copying ../../build/robu/robu.egg-info to /home/robu/work/robu_brajon19_ws/install/robu/lib/python3.10/site-packages/robu-0.0.0-py3.10.egg-info
[1.935s] running install_scripts
[1.966s] Installing ex10_wallfollower script to /home/robu/work/robu_brajon19_ws/install/robu/lib/robu
[1.967s] Installing publisher script to /home/robu/work/robu_brajon19_ws/install/robu/lib/robu
[1.967s] Installing subscriber script to /home/robu/work/robu_brajon19_ws/install/robu/lib/robu
[1.969s] writing list of installed files to '/home/robu/work/robu_brajon19_ws/build/robu/install.log'
[2.055s] Invoked command in '/home/robu/work/robu_brajon19_ws/src/robu' returned '0': PYTHONPATH=/home/robu/work/robu_brajon19_ws/build/robu/prefix_override:/home/robu/work/robu_brajon19_ws/install/robu/lib/python3.10/site-packages:${PYTHONPATH} /usr/bin/python3 setup.py egg_info --egg-base ../../build/robu build --build-base /home/robu/work/robu_brajon19_ws/build/robu/build install --record /home/robu/work/robu_brajon19_ws/build/robu/install.log --single-version-externally-managed
