[3.280s] DEBUG:colcon:Command line arguments: ['/usr/bin/colcon', 'list', '-p', '--base-paths', '/home/robu/work/robu_brajon19_ws']
[3.281s] DEBUG:colcon:Parsed command line arguments: Namespace(log_base=None, log_level=None, verb_name='list', build_base='build', ignore_user_meta=False, metas=['./colcon.meta'], base_paths=['/home/robu/work/robu_brajon19_ws'], packages_ignore=None, packages_ignore_regex=None, paths=None, packages_up_to=None, packages_up_to_regex=None, packages_above=None, packages_above_and_dependencies=None, packages_above_depth=None, packages_select_by_dep=None, packages_skip_by_dep=None, packages_skip_up_to=None, packages_select_build_failed=False, packages_skip_build_finished=False, packages_select_test_failures=False, packages_skip_test_passed=False, packages_select=None, packages_skip=None, packages_select_regex=None, packages_skip_regex=None, packages_start=None, packages_end=None, allow_overriding=[], topological_order=False, names_only=False, paths_only=True, topological_graph=False, topological_graph_dot=False, topological_graph_density=False, topological_graph_legend=False, topological_graph_dot_cluster=False, topological_graph_dot_include_skipped=False, verb_parser=<colcon_defaults.argument_parser.defaults.DefaultArgumentsDecorator object at 0x7fd89dcd6200>, verb_extension=<colcon_package_information.verb.list.ListVerb object at 0x7fd89dc16650>, main=<bound method ListVerb.main of <colcon_package_information.verb.list.ListVerb object at 0x7fd89dc16650>>)
[3.600s] Level 1:colcon.colcon_core.package_discovery:discover_packages(colcon_meta) check parameters
[3.600s] Level 1:colcon.colcon_core.package_discovery:discover_packages(recursive) check parameters
[3.600s] Level 1:colcon.colcon_core.package_discovery:discover_packages(ignore) check parameters
[3.601s] Level 1:colcon.colcon_core.package_discovery:discover_packages(path) check parameters
[3.601s] Level 1:colcon.colcon_core.package_discovery:discover_packages(recursive) discover
[3.601s] INFO:colcon.colcon_core.package_discovery:Crawling recursively for packages in '/home/robu/work/robu_brajon19_ws'
[3.601s] Level 1:colcon.colcon_core.package_identification:_identify(/home/robu/work/robu_brajon19_ws) by extensions ['ignore', 'ignore_ament_install']
[3.602s] Level 1:colcon.colcon_core.package_identification:_identify(/home/robu/work/robu_brajon19_ws) by extension 'ignore'
[3.602s] Level 1:colcon.colcon_core.package_identification:_identify(/home/robu/work/robu_brajon19_ws) by extension 'ignore_ament_install'
[3.602s] Level 1:colcon.colcon_core.package_identification:_identify(/home/robu/work/robu_brajon19_ws) by extensions ['colcon_pkg']
[3.602s] Level 1:colcon.colcon_core.package_identification:_identify(/home/robu/work/robu_brajon19_ws) by extension 'colcon_pkg'
[3.602s] Level 1:colcon.colcon_core.package_identification:_identify(/home/robu/work/robu_brajon19_ws) by extensions ['colcon_meta']
[3.607s] Level 1:colcon.colcon_core.package_identification:_identify(/home/robu/work/robu_brajon19_ws) by extension 'colcon_meta'
[3.607s] Level 1:colcon.colcon_core.package_identification:_identify(/home/robu/work/robu_brajon19_ws) by extensions ['ros']
[3.607s] Level 1:colcon.colcon_core.package_identification:_identify(/home/robu/work/robu_brajon19_ws) by extension 'ros'
[3.654s] Level 1:colcon.colcon_core.package_identification:_identify(/home/robu/work/robu_brajon19_ws) by extensions ['cmake', 'python']
[3.654s] Level 1:colcon.colcon_core.package_identification:_identify(/home/robu/work/robu_brajon19_ws) by extension 'cmake'
[3.654s] Level 1:colcon.colcon_core.package_identification:_identify(/home/robu/work/robu_brajon19_ws) by extension 'python'
[3.654s] Level 1:colcon.colcon_core.package_identification:_identify(/home/robu/work/robu_brajon19_ws) by extensions ['python_setup_py']
[3.654s] Level 1:colcon.colcon_core.package_identification:_identify(/home/robu/work/robu_brajon19_ws) by extension 'python_setup_py'
[3.654s] Level 1:colcon.colcon_core.package_identification:_identify(/home/robu/work/robu_brajon19_ws/log) by extensions ['ignore', 'ignore_ament_install']
[3.654s] Level 1:colcon.colcon_core.package_identification:_identify(/home/robu/work/robu_brajon19_ws/log) by extension 'ignore'
[3.655s] Level 1:colcon.colcon_core.package_identification:_identify(/home/robu/work/robu_brajon19_ws/log) ignored
[3.655s] Level 1:colcon.colcon_core.package_identification:_identify(/home/robu/work/robu_brajon19_ws/src) by extensions ['ignore', 'ignore_ament_install']
[3.655s] Level 1:colcon.colcon_core.package_identification:_identify(/home/robu/work/robu_brajon19_ws/src) by extension 'ignore'
[3.655s] Level 1:colcon.colcon_core.package_identification:_identify(/home/robu/work/robu_brajon19_ws/src) by extension 'ignore_ament_install'
[3.655s] Level 1:colcon.colcon_core.package_identification:_identify(/home/robu/work/robu_brajon19_ws/src) by extensions ['colcon_pkg']
[3.655s] Level 1:colcon.colcon_core.package_identification:_identify(/home/robu/work/robu_brajon19_ws/src) by extension 'colcon_pkg'
[3.655s] Level 1:colcon.colcon_core.package_identification:_identify(/home/robu/work/robu_brajon19_ws/src) by extensions ['colcon_meta']
[3.655s] Level 1:colcon.colcon_core.package_identification:_identify(/home/robu/work/robu_brajon19_ws/src) by extension 'colcon_meta'
[3.655s] Level 1:colcon.colcon_core.package_identification:_identify(/home/robu/work/robu_brajon19_ws/src) by extensions ['ros']
[3.655s] Level 1:colcon.colcon_core.package_identification:_identify(/home/robu/work/robu_brajon19_ws/src) by extension 'ros'
[3.655s] Level 1:colcon.colcon_core.package_identification:_identify(/home/robu/work/robu_brajon19_ws/src) by extensions ['cmake', 'python']
[3.655s] Level 1:colcon.colcon_core.package_identification:_identify(/home/robu/work/robu_brajon19_ws/src) by extension 'cmake'
[3.655s] Level 1:colcon.colcon_core.package_identification:_identify(/home/robu/work/robu_brajon19_ws/src) by extension 'python'
[3.655s] Level 1:colcon.colcon_core.package_identification:_identify(/home/robu/work/robu_brajon19_ws/src) by extensions ['python_setup_py']
[3.656s] Level 1:colcon.colcon_core.package_identification:_identify(/home/robu/work/robu_brajon19_ws/src) by extension 'python_setup_py'
[3.656s] Level 1:colcon.colcon_core.package_identification:_identify(/home/robu/work/robu_brajon19_ws/src/robu) by extensions ['ignore', 'ignore_ament_install']
[3.656s] Level 1:colcon.colcon_core.package_identification:_identify(/home/robu/work/robu_brajon19_ws/src/robu) by extension 'ignore'
[3.656s] Level 1:colcon.colcon_core.package_identification:_identify(/home/robu/work/robu_brajon19_ws/src/robu) by extension 'ignore_ament_install'
[3.656s] Level 1:colcon.colcon_core.package_identification:_identify(/home/robu/work/robu_brajon19_ws/src/robu) by extensions ['colcon_pkg']
[3.656s] Level 1:colcon.colcon_core.package_identification:_identify(/home/robu/work/robu_brajon19_ws/src/robu) by extension 'colcon_pkg'
[3.656s] Level 1:colcon.colcon_core.package_identification:_identify(/home/robu/work/robu_brajon19_ws/src/robu) by extensions ['colcon_meta']
[3.656s] Level 1:colcon.colcon_core.package_identification:_identify(/home/robu/work/robu_brajon19_ws/src/robu) by extension 'colcon_meta'
[3.656s] Level 1:colcon.colcon_core.package_identification:_identify(/home/robu/work/robu_brajon19_ws/src/robu) by extensions ['ros']
[3.656s] Level 1:colcon.colcon_core.package_identification:_identify(/home/robu/work/robu_brajon19_ws/src/robu) by extension 'ros'
[3.659s] DEBUG:colcon.colcon_core.package_identification:Package '/home/robu/work/robu_brajon19_ws/src/robu' with type 'ros.ament_python' and name 'robu'
[3.659s] Level 1:colcon.colcon_core.package_discovery:discover_packages(recursive) using defaults
