[1.213s] Invoking command in '/home/robu/work/robu_brajon19_ws/src/robu': PYTHONPATH=/home/robu/work/robu_brajon19_ws/src/robu/build/robu/prefix_override:/home/robu/work/robu_brajon19_ws/src/robu/install/robu/lib/python3.10/site-packages:${PYTHONPATH} /usr/bin/python3 setup.py egg_info --egg-base build/robu build --build-base /home/robu/work/robu_brajon19_ws/src/robu/build/robu/build install --record /home/robu/work/robu_brajon19_ws/src/robu/build/robu/install.log --single-version-externally-managed
[1.600s] running egg_info
[1.602s] creating build/robu/robu.egg-info
[1.603s] writing build/robu/robu.egg-info/PKG-INFO
[1.605s] writing dependency_links to build/robu/robu.egg-info/dependency_links.txt
[1.606s] writing entry points to build/robu/robu.egg-info/entry_points.txt
[1.606s] writing requirements to build/robu/robu.egg-info/requires.txt
[1.606s] writing top-level names to build/robu/robu.egg-info/top_level.txt
[1.607s] writing manifest file 'build/robu/robu.egg-info/SOURCES.txt'
[1.610s] reading manifest file 'build/robu/robu.egg-info/SOURCES.txt'
[1.611s] writing manifest file 'build/robu/robu.egg-info/SOURCES.txt'
[1.611s] running build
[1.611s] running build_py
[1.611s] creating /home/robu/work/robu_brajon19_ws/src/robu/build/robu/build
[1.611s] creating /home/robu/work/robu_brajon19_ws/src/robu/build/robu/build/lib
[1.612s] creating /home/robu/work/robu_brajon19_ws/src/robu/build/robu/build/lib/robu
[1.612s] copying robu/ex10_wallfollower.py -> /home/robu/work/robu_brajon19_ws/src/robu/build/robu/build/lib/robu
[1.612s] copying robu/publisher_member_function.py -> /home/robu/work/robu_brajon19_ws/src/robu/build/robu/build/lib/robu
[1.612s] copying robu/__init__.py -> /home/robu/work/robu_brajon19_ws/src/robu/build/robu/build/lib/robu
[1.612s] copying robu/subscriber_member_function.py -> /home/robu/work/robu_brajon19_ws/src/robu/build/robu/build/lib/robu
[1.612s] running install
[1.613s] running install_lib
[1.614s] creating /home/robu/work/robu_brajon19_ws/src/robu/install/robu/lib/python3.10/site-packages/robu
[1.614s] copying /home/robu/work/robu_brajon19_ws/src/robu/build/robu/build/lib/robu/ex10_wallfollower.py -> /home/robu/work/robu_brajon19_ws/src/robu/install/robu/lib/python3.10/site-packages/robu
[1.614s] copying /home/robu/work/robu_brajon19_ws/src/robu/build/robu/build/lib/robu/publisher_member_function.py -> /home/robu/work/robu_brajon19_ws/src/robu/install/robu/lib/python3.10/site-packages/robu
[1.614s] copying /home/robu/work/robu_brajon19_ws/src/robu/build/robu/build/lib/robu/__init__.py -> /home/robu/work/robu_brajon19_ws/src/robu/install/robu/lib/python3.10/site-packages/robu
[1.614s] copying /home/robu/work/robu_brajon19_ws/src/robu/build/robu/build/lib/robu/subscriber_member_function.py -> /home/robu/work/robu_brajon19_ws/src/robu/install/robu/lib/python3.10/site-packages/robu
[1.615s] byte-compiling /home/robu/work/robu_brajon19_ws/src/robu/install/robu/lib/python3.10/site-packages/robu/ex10_wallfollower.py to ex10_wallfollower.cpython-310.pyc
[1.616s] byte-compiling /home/robu/work/robu_brajon19_ws/src/robu/install/robu/lib/python3.10/site-packages/robu/publisher_member_function.py to publisher_member_function.cpython-310.pyc
[1.616s] byte-compiling /home/robu/work/robu_brajon19_ws/src/robu/install/robu/lib/python3.10/site-packages/robu/__init__.py to __init__.cpython-310.pyc
[1.617s] byte-compiling /home/robu/work/robu_brajon19_ws/src/robu/install/robu/lib/python3.10/site-packages/robu/subscriber_member_function.py to subscriber_member_function.cpython-310.pyc
[1.617s] running install_data
[1.618s] creating /home/robu/work/robu_brajon19_ws/src/robu/install/robu/share/ament_index
[1.619s] creating /home/robu/work/robu_brajon19_ws/src/robu/install/robu/share/ament_index/resource_index
[1.619s] creating /home/robu/work/robu_brajon19_ws/src/robu/install/robu/share/ament_index/resource_index/packages
[1.619s] copying resource/robu -> /home/robu/work/robu_brajon19_ws/src/robu/install/robu/share/ament_index/resource_index/packages
[1.619s] copying package.xml -> /home/robu/work/robu_brajon19_ws/src/robu/install/robu/share/robu
[1.619s] running install_egg_info
[1.621s] Copying build/robu/robu.egg-info to /home/robu/work/robu_brajon19_ws/src/robu/install/robu/lib/python3.10/site-packages/robu-0.0.0-py3.10.egg-info
[1.622s] running install_scripts
[1.656s] Installing ex10_wallfollower script to /home/robu/work/robu_brajon19_ws/src/robu/install/robu/lib/robu
[1.656s] Installing publisher script to /home/robu/work/robu_brajon19_ws/src/robu/install/robu/lib/robu
[1.656s] Installing subscriber script to /home/robu/work/robu_brajon19_ws/src/robu/install/robu/lib/robu
[1.657s] writing list of installed files to '/home/robu/work/robu_brajon19_ws/src/robu/build/robu/install.log'
[1.719s] Invoked command in '/home/robu/work/robu_brajon19_ws/src/robu' returned '0': PYTHONPATH=/home/robu/work/robu_brajon19_ws/src/robu/build/robu/prefix_override:/home/robu/work/robu_brajon19_ws/src/robu/install/robu/lib/python3.10/site-packages:${PYTHONPATH} /usr/bin/python3 setup.py egg_info --egg-base build/robu build --build-base /home/robu/work/robu_brajon19_ws/src/robu/build/robu/build install --record /home/robu/work/robu_brajon19_ws/src/robu/build/robu/install.log --single-version-externally-managed
