[1.667s] Invoking command in '/home/robu/work/robu_brajon19_ws/build/robu': PYTHONPATH=/home/robu/work/robu_brajon19_ws/build/robu/prefix_override:/home/robu/work/robu_brajon19_ws/install/robu/lib/python3.10/site-packages:${PYTHONPATH} /usr/bin/python3 setup.py develop --uninstall --editable --build-directory /home/robu/work/robu_brajon19_ws/build/robu/build
[2.243s] running develop
[2.645s] Removing /home/robu/work/robu_brajon19_ws/install/robu/lib/python3.10/site-packages/robu.egg-link (link to .)
[2.721s] Invoked command in '/home/robu/work/robu_brajon19_ws/build/robu' returned '0': PYTHONPATH=/home/robu/work/robu_brajon19_ws/build/robu/prefix_override:/home/robu/work/robu_brajon19_ws/install/robu/lib/python3.10/site-packages:${PYTHONPATH} /usr/bin/python3 setup.py develop --uninstall --editable --build-directory /home/robu/work/robu_brajon19_ws/build/robu/build
[2.722s] Invoking command in '/home/robu/work/robu_brajon19_ws/src/robu': PYTHONPATH=/home/robu/work/robu_brajon19_ws/build/robu/prefix_override:/home/robu/work/robu_brajon19_ws/install/robu/lib/python3.10/site-packages:${PYTHONPATH} /usr/bin/python3 setup.py egg_info --egg-base ../../build/robu build --build-base /home/robu/work/robu_brajon19_ws/build/robu/build install --record /home/robu/work/robu_brajon19_ws/build/robu/install.log --single-version-externally-managed
[3.314s] running egg_info
[3.316s] writing ../../build/robu/robu.egg-info/PKG-INFO
[3.317s] writing dependency_links to ../../build/robu/robu.egg-info/dependency_links.txt
[3.318s] writing entry points to ../../build/robu/robu.egg-info/entry_points.txt
[3.319s] writing requirements to ../../build/robu/robu.egg-info/requires.txt
[3.319s] writing top-level names to ../../build/robu/robu.egg-info/top_level.txt
[3.322s] reading manifest file '../../build/robu/robu.egg-info/SOURCES.txt'
[3.324s] writing manifest file '../../build/robu/robu.egg-info/SOURCES.txt'
[3.324s] running build
[3.326s] running build_py
[3.327s] copying robu/ex10_wallfollower.py -> /home/robu/work/robu_brajon19_ws/build/robu/build/lib/robu
[3.328s] running install
[3.329s] running install_lib
[3.330s] creating /home/robu/work/robu_brajon19_ws/install/robu/lib/python3.10/site-packages/robu
[3.331s] copying /home/robu/work/robu_brajon19_ws/build/robu/build/lib/robu/ex10_wallfollower.py -> /home/robu/work/robu_brajon19_ws/install/robu/lib/python3.10/site-packages/robu
[3.331s] copying /home/robu/work/robu_brajon19_ws/build/robu/build/lib/robu/publisher_member_function.py -> /home/robu/work/robu_brajon19_ws/install/robu/lib/python3.10/site-packages/robu
[3.334s] copying /home/robu/work/robu_brajon19_ws/build/robu/build/lib/robu/__init__.py -> /home/robu/work/robu_brajon19_ws/install/robu/lib/python3.10/site-packages/robu
[3.335s] copying /home/robu/work/robu_brajon19_ws/build/robu/build/lib/robu/subscriber_member_function.py -> /home/robu/work/robu_brajon19_ws/install/robu/lib/python3.10/site-packages/robu
[3.338s] byte-compiling /home/robu/work/robu_brajon19_ws/install/robu/lib/python3.10/site-packages/robu/ex10_wallfollower.py to ex10_wallfollower.cpython-310.pyc
[3.341s] byte-compiling /home/robu/work/robu_brajon19_ws/install/robu/lib/python3.10/site-packages/robu/publisher_member_function.py to publisher_member_function.cpython-310.pyc
[3.346s] byte-compiling /home/robu/work/robu_brajon19_ws/install/robu/lib/python3.10/site-packages/robu/__init__.py to __init__.cpython-310.pyc
[3.346s] byte-compiling /home/robu/work/robu_brajon19_ws/install/robu/lib/python3.10/site-packages/robu/subscriber_member_function.py to subscriber_member_function.cpython-310.pyc
[3.347s] running install_data
[3.351s] running install_egg_info
[3.354s] Copying ../../build/robu/robu.egg-info to /home/robu/work/robu_brajon19_ws/install/robu/lib/python3.10/site-packages/robu-0.0.0-py3.10.egg-info
[3.357s] running install_scripts
[3.402s] Installing ex10_wallfollower script to /home/robu/work/robu_brajon19_ws/install/robu/lib/robu
[3.403s] Installing publisher script to /home/robu/work/robu_brajon19_ws/install/robu/lib/robu
[3.404s] Installing subscriber script to /home/robu/work/robu_brajon19_ws/install/robu/lib/robu
[3.405s] writing list of installed files to '/home/robu/work/robu_brajon19_ws/build/robu/install.log'
[3.481s] Invoked command in '/home/robu/work/robu_brajon19_ws/src/robu' returned '0': PYTHONPATH=/home/robu/work/robu_brajon19_ws/build/robu/prefix_override:/home/robu/work/robu_brajon19_ws/install/robu/lib/python3.10/site-packages:${PYTHONPATH} /usr/bin/python3 setup.py egg_info --egg-base ../../build/robu build --build-base /home/robu/work/robu_brajon19_ws/build/robu/build install --record /home/robu/work/robu_brajon19_ws/build/robu/install.log --single-version-externally-managed
