[0.727s] DEBUG:colcon:Command line arguments: ['/usr/bin/colcon', 'build', '--symlink-install', '--event-handlers', 'console_cohesion+', '--base-paths', '/home/robu/work/robu_brajon19_ws', '--cmake-args', '-DCMAKE_BUILD_TYPE=RelWithDebInfo']
[0.727s] DEBUG:colcon:Parsed command line arguments: Namespace(log_base=None, log_level=None, verb_name='build', build_base='build', install_base='install', merge_install=False, symlink_install=True, test_result_base=None, continue_on_error=False, executor='parallel', parallel_workers=2, event_handlers=['console_cohesion+'], ignore_user_meta=False, metas=['./colcon.meta'], base_paths=['/home/robu/work/robu_brajon19_ws'], packages_ignore=None, packages_ignore_regex=None, paths=None, packages_up_to=None, packages_up_to_regex=None, packages_above=None, packages_above_and_dependencies=None, packages_above_depth=None, packages_select_by_dep=None, packages_skip_by_dep=None, packages_skip_up_to=None, packages_select_build_failed=False, packages_skip_build_finished=False, packages_select_test_failures=False, packages_skip_test_passed=False, packages_select=None, packages_skip=None, packages_select_regex=None, packages_skip_regex=None, packages_start=None, packages_end=None, allow_overriding=[], cmake_args=['-DCMAKE_BUILD_TYPE=RelWithDebInfo'], cmake_target=None, cmake_target_skip_unavailable=False, cmake_clean_cache=False, cmake_clean_first=False, cmake_force_configure=False, ament_cmake_args=None, catkin_cmake_args=None, catkin_skip_building_tests=False, verb_parser=<colcon_defaults.argument_parser.defaults.DefaultArgumentsDecorator object at 0x7f8301773fa0>, verb_extension=<colcon_core.verb.build.BuildVerb object at 0x7f83017f6770>, main=<bound method BuildVerb.main of <colcon_core.verb.build.BuildVerb object at 0x7f83017f6770>>)
[0.774s] Level 1:colcon.colcon_core.package_discovery:discover_packages(colcon_meta) check parameters
[0.774s] Level 1:colcon.colcon_core.package_discovery:discover_packages(recursive) check parameters
[0.774s] Level 1:colcon.colcon_core.package_discovery:discover_packages(ignore) check parameters
[0.774s] Level 1:colcon.colcon_core.package_discovery:discover_packages(path) check parameters
[0.774s] Level 1:colcon.colcon_core.package_discovery:discover_packages(recursive) discover
[0.774s] INFO:colcon.colcon_core.package_discovery:Crawling recursively for packages in '/home/robu/work/robu_brajon19_ws'
[0.774s] Level 1:colcon.colcon_core.package_identification:_identify(/home/robu/work/robu_brajon19_ws) by extensions ['ignore', 'ignore_ament_install']
[0.775s] Level 1:colcon.colcon_core.package_identification:_identify(/home/robu/work/robu_brajon19_ws) by extension 'ignore'
[0.775s] Level 1:colcon.colcon_core.package_identification:_identify(/home/robu/work/robu_brajon19_ws) by extension 'ignore_ament_install'
[0.775s] Level 1:colcon.colcon_core.package_identification:_identify(/home/robu/work/robu_brajon19_ws) by extensions ['colcon_pkg']
[0.775s] Level 1:colcon.colcon_core.package_identification:_identify(/home/robu/work/robu_brajon19_ws) by extension 'colcon_pkg'
[0.775s] Level 1:colcon.colcon_core.package_identification:_identify(/home/robu/work/robu_brajon19_ws) by extensions ['colcon_meta']
[0.775s] Level 1:colcon.colcon_core.package_identification:_identify(/home/robu/work/robu_brajon19_ws) by extension 'colcon_meta'
[0.775s] Level 1:colcon.colcon_core.package_identification:_identify(/home/robu/work/robu_brajon19_ws) by extensions ['ros']
[0.775s] Level 1:colcon.colcon_core.package_identification:_identify(/home/robu/work/robu_brajon19_ws) by extension 'ros'
[0.800s] Level 1:colcon.colcon_core.package_identification:_identify(/home/robu/work/robu_brajon19_ws) by extensions ['cmake', 'python']
[0.801s] Level 1:colcon.colcon_core.package_identification:_identify(/home/robu/work/robu_brajon19_ws) by extension 'cmake'
[0.801s] Level 1:colcon.colcon_core.package_identification:_identify(/home/robu/work/robu_brajon19_ws) by extension 'python'
[0.801s] Level 1:colcon.colcon_core.package_identification:_identify(/home/robu/work/robu_brajon19_ws) by extensions ['python_setup_py']
[0.801s] Level 1:colcon.colcon_core.package_identification:_identify(/home/robu/work/robu_brajon19_ws) by extension 'python_setup_py'
[0.801s] Level 1:colcon.colcon_core.package_identification:_identify(/home/robu/work/robu_brajon19_ws/build) by extensions ['ignore', 'ignore_ament_install']
[0.801s] Level 1:colcon.colcon_core.package_identification:_identify(/home/robu/work/robu_brajon19_ws/build) by extension 'ignore'
[0.801s] Level 1:colcon.colcon_core.package_identification:_identify(/home/robu/work/robu_brajon19_ws/build) ignored
[0.802s] Level 1:colcon.colcon_core.package_identification:_identify(/home/robu/work/robu_brajon19_ws/install) by extensions ['ignore', 'ignore_ament_install']
[0.802s] Level 1:colcon.colcon_core.package_identification:_identify(/home/robu/work/robu_brajon19_ws/install) by extension 'ignore'
[0.802s] Level 1:colcon.colcon_core.package_identification:_identify(/home/robu/work/robu_brajon19_ws/install) ignored
[0.802s] Level 1:colcon.colcon_core.package_identification:_identify(/home/robu/work/robu_brajon19_ws/log) by extensions ['ignore', 'ignore_ament_install']
[0.802s] Level 1:colcon.colcon_core.package_identification:_identify(/home/robu/work/robu_brajon19_ws/log) by extension 'ignore'
[0.802s] Level 1:colcon.colcon_core.package_identification:_identify(/home/robu/work/robu_brajon19_ws/log) ignored
[0.802s] Level 1:colcon.colcon_core.package_identification:_identify(/home/robu/work/robu_brajon19_ws/src) by extensions ['ignore', 'ignore_ament_install']
[0.803s] Level 1:colcon.colcon_core.package_identification:_identify(/home/robu/work/robu_brajon19_ws/src) by extension 'ignore'
[0.803s] Level 1:colcon.colcon_core.package_identification:_identify(/home/robu/work/robu_brajon19_ws/src) by extension 'ignore_ament_install'
[0.803s] Level 1:colcon.colcon_core.package_identification:_identify(/home/robu/work/robu_brajon19_ws/src) by extensions ['colcon_pkg']
[0.803s] Level 1:colcon.colcon_core.package_identification:_identify(/home/robu/work/robu_brajon19_ws/src) by extension 'colcon_pkg'
[0.803s] Level 1:colcon.colcon_core.package_identification:_identify(/home/robu/work/robu_brajon19_ws/src) by extensions ['colcon_meta']
[0.803s] Level 1:colcon.colcon_core.package_identification:_identify(/home/robu/work/robu_brajon19_ws/src) by extension 'colcon_meta'
[0.803s] Level 1:colcon.colcon_core.package_identification:_identify(/home/robu/work/robu_brajon19_ws/src) by extensions ['ros']
[0.803s] Level 1:colcon.colcon_core.package_identification:_identify(/home/robu/work/robu_brajon19_ws/src) by extension 'ros'
[0.803s] Level 1:colcon.colcon_core.package_identification:_identify(/home/robu/work/robu_brajon19_ws/src) by extensions ['cmake', 'python']
[0.803s] Level 1:colcon.colcon_core.package_identification:_identify(/home/robu/work/robu_brajon19_ws/src) by extension 'cmake'
[0.803s] Level 1:colcon.colcon_core.package_identification:_identify(/home/robu/work/robu_brajon19_ws/src) by extension 'python'
[0.803s] Level 1:colcon.colcon_core.package_identification:_identify(/home/robu/work/robu_brajon19_ws/src) by extensions ['python_setup_py']
[0.803s] Level 1:colcon.colcon_core.package_identification:_identify(/home/robu/work/robu_brajon19_ws/src) by extension 'python_setup_py'
[0.804s] Level 1:colcon.colcon_core.package_identification:_identify(/home/robu/work/robu_brajon19_ws/src/robu) by extensions ['ignore', 'ignore_ament_install']
[0.805s] Level 1:colcon.colcon_core.package_identification:_identify(/home/robu/work/robu_brajon19_ws/src/robu) by extension 'ignore'
[0.805s] Level 1:colcon.colcon_core.package_identification:_identify(/home/robu/work/robu_brajon19_ws/src/robu) by extension 'ignore_ament_install'
[0.805s] Level 1:colcon.colcon_core.package_identification:_identify(/home/robu/work/robu_brajon19_ws/src/robu) by extensions ['colcon_pkg']
[0.805s] Level 1:colcon.colcon_core.package_identification:_identify(/home/robu/work/robu_brajon19_ws/src/robu) by extension 'colcon_pkg'
[0.810s] Level 1:colcon.colcon_core.package_identification:_identify(/home/robu/work/robu_brajon19_ws/src/robu) by extensions ['colcon_meta']
[0.810s] Level 1:colcon.colcon_core.package_identification:_identify(/home/robu/work/robu_brajon19_ws/src/robu) by extension 'colcon_meta'
[0.810s] Level 1:colcon.colcon_core.package_identification:_identify(/home/robu/work/robu_brajon19_ws/src/robu) by extensions ['ros']
[0.810s] Level 1:colcon.colcon_core.package_identification:_identify(/home/robu/work/robu_brajon19_ws/src/robu) by extension 'ros'
[0.814s] DEBUG:colcon.colcon_core.package_identification:Package '/home/robu/work/robu_brajon19_ws/src/robu' with type 'ros.ament_python' and name 'robu'
[0.814s] Level 1:colcon.colcon_core.package_discovery:discover_packages(recursive) using defaults
[0.865s] Level 1:colcon.colcon_core.package_discovery:discover_packages(prefix_path) check parameters
[0.865s] Level 1:colcon.colcon_core.package_discovery:discover_packages(prefix_path) discover
[0.875s] DEBUG:colcon.colcon_installed_package_information.package_discovery:Found 1 installed packages in /home/robu/work/robu_brajon19_ws/install
[0.878s] DEBUG:colcon.colcon_installed_package_information.package_discovery:Found 17 installed packages in /home/robu/work/turtlebot3_ws/install
[0.880s] DEBUG:colcon.colcon_installed_package_information.package_discovery:Found 1 installed packages in /home/robu/work/robu_golfln20_ws/install
[0.883s] DEBUG:colcon.colcon_installed_package_information.package_discovery:Found 358 installed packages in /opt/ros/humble
[0.885s] Level 1:colcon.colcon_core.package_discovery:discover_packages(prefix_path) using defaults
[1.011s] Level 5:colcon.colcon_core.verb:set package 'robu' build argument 'cmake_args' from command line to '['-DCMAKE_BUILD_TYPE=RelWithDebInfo']'
[1.012s] Level 5:colcon.colcon_core.verb:set package 'robu' build argument 'cmake_target' from command line to 'None'
[1.012s] Level 5:colcon.colcon_core.verb:set package 'robu' build argument 'cmake_target_skip_unavailable' from command line to 'False'
[1.012s] Level 5:colcon.colcon_core.verb:set package 'robu' build argument 'cmake_clean_cache' from command line to 'False'
[1.012s] Level 5:colcon.colcon_core.verb:set package 'robu' build argument 'cmake_clean_first' from command line to 'False'
[1.012s] Level 5:colcon.colcon_core.verb:set package 'robu' build argument 'cmake_force_configure' from command line to 'False'
[1.012s] Level 5:colcon.colcon_core.verb:set package 'robu' build argument 'ament_cmake_args' from command line to 'None'
[1.012s] Level 5:colcon.colcon_core.verb:set package 'robu' build argument 'catkin_cmake_args' from command line to 'None'
[1.012s] Level 5:colcon.colcon_core.verb:set package 'robu' build argument 'catkin_skip_building_tests' from command line to 'False'
[1.012s] DEBUG:colcon.colcon_core.verb:Building package 'robu' with the following arguments: {'ament_cmake_args': None, 'build_base': '/home/robu/work/robu_brajon19_ws/build/robu', 'catkin_cmake_args': None, 'catkin_skip_building_tests': False, 'cmake_args': ['-DCMAKE_BUILD_TYPE=RelWithDebInfo'], 'cmake_clean_cache': False, 'cmake_clean_first': False, 'cmake_force_configure': False, 'cmake_target': None, 'cmake_target_skip_unavailable': False, 'install_base': '/home/robu/work/robu_brajon19_ws/install/robu', 'merge_install': False, 'path': '/home/robu/work/robu_brajon19_ws/src/robu', 'symlink_install': True, 'test_result_base': None}
[1.013s] INFO:colcon.colcon_core.executor:Executing jobs using 'parallel' executor
[1.020s] DEBUG:colcon.colcon_parallel_executor.executor.parallel:run_until_complete
[1.021s] INFO:colcon.colcon_ros.task.ament_python.build:Building ROS package in '/home/robu/work/robu_brajon19_ws/src/robu' with build type 'ament_python'
[1.021s] Level 1:colcon.colcon_core.shell:create_environment_hook('robu', 'ament_prefix_path')
[1.032s] INFO:colcon.colcon_core.plugin_system:Skipping extension 'colcon_core.shell.bat': Not used on non-Windows systems
[1.033s] INFO:colcon.colcon_core.shell:Creating environment hook '/home/robu/work/robu_brajon19_ws/install/robu/share/robu/hook/ament_prefix_path.ps1'
[1.034s] INFO:colcon.colcon_core.shell:Creating environment descriptor '/home/robu/work/robu_brajon19_ws/install/robu/share/robu/hook/ament_prefix_path.dsv'
[1.035s] INFO:colcon.colcon_core.shell:Creating environment hook '/home/robu/work/robu_brajon19_ws/install/robu/share/robu/hook/ament_prefix_path.sh'
[1.037s] INFO:colcon.colcon_core.shell:Skip shell extension 'powershell' for command environment: Not usable outside of PowerShell
[1.038s] DEBUG:colcon.colcon_core.shell:Skip shell extension 'dsv' for command environment
[1.588s] INFO:colcon.colcon_core.task.python.build:Building Python package in '/home/robu/work/robu_brajon19_ws/src/robu'
[1.590s] INFO:colcon.colcon_core.shell:Skip shell extension 'powershell' for command environment: Not usable outside of PowerShell
[1.590s] DEBUG:colcon.colcon_core.shell:Skip shell extension 'dsv' for command environment
[2.344s] DEBUG:colcon.colcon_core.task.python.build:While undoing a previous installation files outside the Python library path are being ignored: /home/robu/work/robu_brajon19_ws/install/robu/share/ament_index/resource_index/packages/robu
[2.344s] DEBUG:colcon.colcon_core.task.python.build:While undoing a previous installation files outside the Python library path are being ignored: /home/robu/work/robu_brajon19_ws/install/robu/share/robu/package.xml
[2.344s] DEBUG:colcon.colcon_core.task.python.build:While undoing a previous installation files outside the Python library path are being ignored: /home/robu/work/robu_brajon19_ws/install/robu/lib/robu/ex10_wallfollower
[2.344s] DEBUG:colcon.colcon_core.task.python.build:While undoing a previous installation files outside the Python library path are being ignored: /home/robu/work/robu_brajon19_ws/install/robu/lib/robu/publisher
[2.344s] DEBUG:colcon.colcon_core.task.python.build:While undoing a previous installation files outside the Python library path are being ignored: /home/robu/work/robu_brajon19_ws/install/robu/lib/robu/subscriber
[2.346s] DEBUG:colcon.colcon_core.event_handler.log_command:Invoking command in '/home/robu/work/robu_brajon19_ws/build/robu': PYTHONPATH=/home/robu/work/robu_brajon19_ws/build/robu/prefix_override:/home/robu/work/robu_brajon19_ws/install/robu/lib/python3.10/site-packages:${PYTHONPATH} /usr/bin/python3 setup.py develop --editable --build-directory /home/robu/work/robu_brajon19_ws/build/robu/build --no-deps install_data
[3.305s] Level 1:colcon.colcon_core.shell:create_environment_hook('robu', 'pythonpath_develop')
[3.307s] INFO:colcon.colcon_core.shell:Creating environment hook '/home/robu/work/robu_brajon19_ws/build/robu/share/robu/hook/pythonpath_develop.ps1'
[3.308s] INFO:colcon.colcon_core.shell:Creating environment descriptor '/home/robu/work/robu_brajon19_ws/build/robu/share/robu/hook/pythonpath_develop.dsv'
[3.308s] INFO:colcon.colcon_core.shell:Creating environment hook '/home/robu/work/robu_brajon19_ws/build/robu/share/robu/hook/pythonpath_develop.sh'
[3.310s] DEBUG:colcon.colcon_core.event_handler.log_command:Invoked command in '/home/robu/work/robu_brajon19_ws/build/robu' returned '0': PYTHONPATH=/home/robu/work/robu_brajon19_ws/build/robu/prefix_override:/home/robu/work/robu_brajon19_ws/install/robu/lib/python3.10/site-packages:${PYTHONPATH} /usr/bin/python3 setup.py develop --editable --build-directory /home/robu/work/robu_brajon19_ws/build/robu/build --no-deps install_data
[3.322s] Level 1:colcon.colcon_core.environment:checking '/home/robu/work/robu_brajon19_ws/install/robu' for CMake module files
[3.322s] Level 1:colcon.colcon_core.environment:checking '/home/robu/work/robu_brajon19_ws/install/robu' for CMake config files
[3.323s] Level 1:colcon.colcon_core.environment:checking '/home/robu/work/robu_brajon19_ws/install/robu/lib'
[3.323s] Level 1:colcon.colcon_core.environment:checking '/home/robu/work/robu_brajon19_ws/install/robu/bin'
[3.324s] Level 1:colcon.colcon_core.environment:checking '/home/robu/work/robu_brajon19_ws/install/robu/lib/pkgconfig/robu.pc'
[3.324s] Level 1:colcon.colcon_core.environment:checking '/home/robu/work/robu_brajon19_ws/install/robu/lib/python3.10/site-packages'
[3.324s] Level 1:colcon.colcon_core.shell:create_environment_hook('robu', 'pythonpath')
[3.325s] INFO:colcon.colcon_core.shell:Creating environment hook '/home/robu/work/robu_brajon19_ws/install/robu/share/robu/hook/pythonpath.ps1'
[3.326s] INFO:colcon.colcon_core.shell:Creating environment descriptor '/home/robu/work/robu_brajon19_ws/install/robu/share/robu/hook/pythonpath.dsv'
[3.327s] INFO:colcon.colcon_core.shell:Creating environment hook '/home/robu/work/robu_brajon19_ws/install/robu/share/robu/hook/pythonpath.sh'
[3.328s] Level 1:colcon.colcon_core.environment:checking '/home/robu/work/robu_brajon19_ws/install/robu/bin'
[3.328s] Level 1:colcon.colcon_core.environment:create_environment_scripts_only(robu)
[3.329s] INFO:colcon.colcon_core.shell:Creating package script '/home/robu/work/robu_brajon19_ws/install/robu/share/robu/package.ps1'
[3.335s] INFO:colcon.colcon_core.shell:Creating package descriptor '/home/robu/work/robu_brajon19_ws/install/robu/share/robu/package.dsv'
[3.336s] INFO:colcon.colcon_core.shell:Creating package script '/home/robu/work/robu_brajon19_ws/install/robu/share/robu/package.sh'
[3.336s] INFO:colcon.colcon_core.shell:Creating package script '/home/robu/work/robu_brajon19_ws/install/robu/share/robu/package.bash'
[3.337s] INFO:colcon.colcon_core.shell:Creating package script '/home/robu/work/robu_brajon19_ws/install/robu/share/robu/package.zsh'
[3.338s] Level 1:colcon.colcon_core.environment:create_file_with_runtime_dependencies(/home/robu/work/robu_brajon19_ws/install/robu/share/colcon-core/packages/robu)
[3.341s] DEBUG:colcon.colcon_parallel_executor.executor.parallel:closing loop
[3.342s] DEBUG:colcon.colcon_parallel_executor.executor.parallel:loop closed
[3.342s] DEBUG:colcon.colcon_parallel_executor.executor.parallel:run_until_complete finished with '0'
[3.342s] DEBUG:colcon.colcon_core.event_reactor:joining thread
[3.354s] INFO:colcon.colcon_core.plugin_system:Skipping extension 'colcon_notification.desktop_notification.terminal_notifier': Not used on non-Darwin systems
[3.355s] INFO:colcon.colcon_core.plugin_system:Skipping extension 'colcon_notification.desktop_notification.win32': Not used on non-Windows systems
[3.355s] INFO:colcon.colcon_notification.desktop_notification:Sending desktop notification using 'notify2'
[3.669s] DEBUG:colcon.colcon_core.event_reactor:joined thread
[3.674s] INFO:colcon.colcon_core.shell:Creating prefix script '/home/robu/work/robu_brajon19_ws/install/local_setup.ps1'
[3.675s] INFO:colcon.colcon_core.shell:Creating prefix util module '/home/robu/work/robu_brajon19_ws/install/_local_setup_util_ps1.py'
[3.677s] INFO:colcon.colcon_core.shell:Creating prefix chain script '/home/robu/work/robu_brajon19_ws/install/setup.ps1'
[3.685s] INFO:colcon.colcon_core.shell:Creating prefix script '/home/robu/work/robu_brajon19_ws/install/local_setup.sh'
[3.689s] INFO:colcon.colcon_core.shell:Creating prefix util module '/home/robu/work/robu_brajon19_ws/install/_local_setup_util_sh.py'
[3.690s] INFO:colcon.colcon_core.shell:Creating prefix chain script '/home/robu/work/robu_brajon19_ws/install/setup.sh'
[3.697s] INFO:colcon.colcon_core.shell:Creating prefix script '/home/robu/work/robu_brajon19_ws/install/local_setup.bash'
[3.698s] INFO:colcon.colcon_core.shell:Creating prefix chain script '/home/robu/work/robu_brajon19_ws/install/setup.bash'
[3.701s] INFO:colcon.colcon_core.shell:Creating prefix script '/home/robu/work/robu_brajon19_ws/install/local_setup.zsh'
[3.706s] INFO:colcon.colcon_core.shell:Creating prefix chain script '/home/robu/work/robu_brajon19_ws/install/setup.zsh'
