[1.479s] Invoking command in '/home/robu/work/robu_brajon19_ws/src/robu': PYTHONPATH=/home/robu/work/robu_brajon19_ws/build/robu/prefix_override:/home/robu/work/robu_brajon19_ws/install/robu/lib/python3.10/site-packages:${PYTHONPATH} /usr/bin/python3 setup.py egg_info --egg-base ../../build/robu build --build-base /home/robu/work/robu_brajon19_ws/build/robu/build install --record /home/robu/work/robu_brajon19_ws/build/robu/install.log --single-version-externally-managed
[1.928s] running egg_info
[1.929s] creating ../../build/robu/robu.egg-info
[1.930s] writing ../../build/robu/robu.egg-info/PKG-INFO
[1.931s] writing dependency_links to ../../build/robu/robu.egg-info/dependency_links.txt
[1.932s] writing entry points to ../../build/robu/robu.egg-info/entry_points.txt
[1.933s] writing requirements to ../../build/robu/robu.egg-info/requires.txt
[1.934s] writing top-level names to ../../build/robu/robu.egg-info/top_level.txt
[1.935s] writing manifest file '../../build/robu/robu.egg-info/SOURCES.txt'
[1.939s] reading manifest file '../../build/robu/robu.egg-info/SOURCES.txt'
[1.940s] writing manifest file '../../build/robu/robu.egg-info/SOURCES.txt'
[1.941s] running build
[1.942s] running build_py
[1.943s] creating /home/robu/work/robu_brajon19_ws/build/robu/build
[1.944s] creating /home/robu/work/robu_brajon19_ws/build/robu/build/lib
[1.956s] creating /home/robu/work/robu_brajon19_ws/build/robu/build/lib/robu
[1.956s] copying robu/ex10_wallfollower.py -> /home/robu/work/robu_brajon19_ws/build/robu/build/lib/robu
[1.956s] copying robu/publisher_member_function.py -> /home/robu/work/robu_brajon19_ws/build/robu/build/lib/robu
[1.956s] copying robu/__init__.py -> /home/robu/work/robu_brajon19_ws/build/robu/build/lib/robu
[1.956s] copying robu/subscriber_member_function.py -> /home/robu/work/robu_brajon19_ws/build/robu/build/lib/robu
[1.957s] running install
[1.957s] running install_lib
[1.959s] creating /home/robu/work/robu_brajon19_ws/install/robu/lib/python3.10/site-packages/robu
[1.959s] copying /home/robu/work/robu_brajon19_ws/build/robu/build/lib/robu/ex10_wallfollower.py -> /home/robu/work/robu_brajon19_ws/install/robu/lib/python3.10/site-packages/robu
[1.959s] copying /home/robu/work/robu_brajon19_ws/build/robu/build/lib/robu/publisher_member_function.py -> /home/robu/work/robu_brajon19_ws/install/robu/lib/python3.10/site-packages/robu
[1.960s] copying /home/robu/work/robu_brajon19_ws/build/robu/build/lib/robu/__init__.py -> /home/robu/work/robu_brajon19_ws/install/robu/lib/python3.10/site-packages/robu
[1.960s] copying /home/robu/work/robu_brajon19_ws/build/robu/build/lib/robu/subscriber_member_function.py -> /home/robu/work/robu_brajon19_ws/install/robu/lib/python3.10/site-packages/robu
[1.961s] byte-compiling /home/robu/work/robu_brajon19_ws/install/robu/lib/python3.10/site-packages/robu/ex10_wallfollower.py to ex10_wallfollower.cpython-310.pyc
[1.962s] byte-compiling /home/robu/work/robu_brajon19_ws/install/robu/lib/python3.10/site-packages/robu/publisher_member_function.py to publisher_member_function.cpython-310.pyc
[1.963s] byte-compiling /home/robu/work/robu_brajon19_ws/install/robu/lib/python3.10/site-packages/robu/__init__.py to __init__.cpython-310.pyc
[1.963s] byte-compiling /home/robu/work/robu_brajon19_ws/install/robu/lib/python3.10/site-packages/robu/subscriber_member_function.py to subscriber_member_function.cpython-310.pyc
[1.964s] running install_data
[1.965s] creating /home/robu/work/robu_brajon19_ws/install/robu/share/ament_index
[1.965s] creating /home/robu/work/robu_brajon19_ws/install/robu/share/ament_index/resource_index
[1.971s] creating /home/robu/work/robu_brajon19_ws/install/robu/share/ament_index/resource_index/packages
[1.971s] copying resource/robu -> /home/robu/work/robu_brajon19_ws/install/robu/share/ament_index/resource_index/packages
[1.971s] copying package.xml -> /home/robu/work/robu_brajon19_ws/install/robu/share/robu
[1.972s] running install_egg_info
[1.974s] Copying ../../build/robu/robu.egg-info to /home/robu/work/robu_brajon19_ws/install/robu/lib/python3.10/site-packages/robu-0.0.0-py3.10.egg-info
[1.978s] running install_scripts
[2.008s] Installing ex10_wallfollower script to /home/robu/work/robu_brajon19_ws/install/robu/lib/robu
[2.010s] Installing publisher script to /home/robu/work/robu_brajon19_ws/install/robu/lib/robu
[2.011s] Installing subscriber script to /home/robu/work/robu_brajon19_ws/install/robu/lib/robu
[2.012s] writing list of installed files to '/home/robu/work/robu_brajon19_ws/build/robu/install.log'
[2.074s] Invoked command in '/home/robu/work/robu_brajon19_ws/src/robu' returned '0': PYTHONPATH=/home/robu/work/robu_brajon19_ws/build/robu/prefix_override:/home/robu/work/robu_brajon19_ws/install/robu/lib/python3.10/site-packages:${PYTHONPATH} /usr/bin/python3 setup.py egg_info --egg-base ../../build/robu build --build-base /home/robu/work/robu_brajon19_ws/build/robu/build install --record /home/robu/work/robu_brajon19_ws/build/robu/install.log --single-version-externally-managed
