[1.064s] Invoking command in '/home/robu/work/robu_brajon19_ws/src/robu': PYTHONPATH=/home/robu/work/robu_brajon19_ws/src/robu/build/robu/prefix_override:/home/robu/work/robu_brajon19_ws/src/robu/install/robu/lib/python3.10/site-packages:${PYTHONPATH} /usr/bin/python3 setup.py egg_info --egg-base build/robu build --build-base /home/robu/work/robu_brajon19_ws/src/robu/build/robu/build install --record /home/robu/work/robu_brajon19_ws/src/robu/build/robu/install.log --single-version-externally-managed
[1.421s] running egg_info
[1.422s] writing build/robu/robu.egg-info/PKG-INFO
[1.423s] writing dependency_links to build/robu/robu.egg-info/dependency_links.txt
[1.424s] writing entry points to build/robu/robu.egg-info/entry_points.txt
[1.425s] writing requirements to build/robu/robu.egg-info/requires.txt
[1.426s] writing top-level names to build/robu/robu.egg-info/top_level.txt
[1.429s] reading manifest file 'build/robu/robu.egg-info/SOURCES.txt'
[1.431s] writing manifest file 'build/robu/robu.egg-info/SOURCES.txt'
[1.432s] running build
[1.432s] running build_py
[1.433s] copying robu/ex10_wallfollower.py -> /home/robu/work/robu_brajon19_ws/src/robu/build/robu/build/lib/robu
[1.434s] running install
[1.435s] running install_lib
[1.437s] copying /home/robu/work/robu_brajon19_ws/src/robu/build/robu/build/lib/robu/ex10_wallfollower.py -> /home/robu/work/robu_brajon19_ws/src/robu/install/robu/lib/python3.10/site-packages/robu
[1.438s] byte-compiling /home/robu/work/robu_brajon19_ws/src/robu/install/robu/lib/python3.10/site-packages/robu/ex10_wallfollower.py to ex10_wallfollower.cpython-310.pyc
[1.440s] running install_data
[1.441s] running install_egg_info
[1.443s] removing '/home/robu/work/robu_brajon19_ws/src/robu/install/robu/lib/python3.10/site-packages/robu-0.0.0-py3.10.egg-info' (and everything under it)
[1.444s] Copying build/robu/robu.egg-info to /home/robu/work/robu_brajon19_ws/src/robu/install/robu/lib/python3.10/site-packages/robu-0.0.0-py3.10.egg-info
[1.446s] running install_scripts
[1.475s] Installing ex10_wallfollower script to /home/robu/work/robu_brajon19_ws/src/robu/install/robu/lib/robu
[1.476s] Installing publisher script to /home/robu/work/robu_brajon19_ws/src/robu/install/robu/lib/robu
[1.478s] Installing subscriber script to /home/robu/work/robu_brajon19_ws/src/robu/install/robu/lib/robu
[1.479s] writing list of installed files to '/home/robu/work/robu_brajon19_ws/src/robu/build/robu/install.log'
[1.525s] Invoked command in '/home/robu/work/robu_brajon19_ws/src/robu' returned '0': PYTHONPATH=/home/robu/work/robu_brajon19_ws/src/robu/build/robu/prefix_override:/home/robu/work/robu_brajon19_ws/src/robu/install/robu/lib/python3.10/site-packages:${PYTHONPATH} /usr/bin/python3 setup.py egg_info --egg-base build/robu build --build-base /home/robu/work/robu_brajon19_ws/src/robu/build/robu/build install --record /home/robu/work/robu_brajon19_ws/src/robu/build/robu/install.log --single-version-externally-managed
