[1.430s] Invoking command in '/home/robu/work/robu_brajon19_ws/build/robu': PYTHONPATH=/home/robu/work/robu_brajon19_ws/build/robu/prefix_override:/home/robu/work/robu_brajon19_ws/install/robu/lib/python3.10/site-packages:${PYTHONPATH} /usr/bin/python3 setup.py develop --uninstall --editable --build-directory /home/robu/work/robu_brajon19_ws/build/robu/build
[1.978s] running develop
[2.348s] Invoked command in '/home/robu/work/robu_brajon19_ws/build/robu' returned '0': PYTHONPATH=/home/robu/work/robu_brajon19_ws/build/robu/prefix_override:/home/robu/work/robu_brajon19_ws/install/robu/lib/python3.10/site-packages:${PYTHONPATH} /usr/bin/python3 setup.py develop --uninstall --editable --build-directory /home/robu/work/robu_brajon19_ws/build/robu/build
[2.348s] Invoking command in '/home/robu/work/robu_brajon19_ws/src/robu': PYTHONPATH=/home/robu/work/robu_brajon19_ws/build/robu/prefix_override:/home/robu/work/robu_brajon19_ws/install/robu/lib/python3.10/site-packages:${PYTHONPATH} /usr/bin/python3 setup.py egg_info --egg-base ../../build/robu build --build-base /home/robu/work/robu_brajon19_ws/build/robu/build install --record /home/robu/work/robu_brajon19_ws/build/robu/install.log --single-version-externally-managed
[2.909s] running egg_info
[2.912s] writing ../../build/robu/robu.egg-info/PKG-INFO
[2.915s] writing dependency_links to ../../build/robu/robu.egg-info/dependency_links.txt
[2.917s] writing entry points to ../../build/robu/robu.egg-info/entry_points.txt
[2.918s] writing requirements to ../../build/robu/robu.egg-info/requires.txt
[2.919s] writing top-level names to ../../build/robu/robu.egg-info/top_level.txt
[2.923s] reading manifest file '../../build/robu/robu.egg-info/SOURCES.txt'
[2.925s] writing manifest file '../../build/robu/robu.egg-info/SOURCES.txt'
[2.926s] running build
[2.927s] running build_py
[2.928s] running install
[2.929s] running install_lib
[2.931s] byte-compiling /home/robu/work/robu_brajon19_ws/install/robu/lib/python3.10/site-packages/robu/ex10_wallfollower.py to ex10_wallfollower.cpython-310.pyc
[2.934s]   File "/home/robu/work/robu_brajon19_ws/install/robu/lib/python3.10/site-packages/robu/ex10_wallfollower.py", line 101
[2.935s]     elif self.wallfollower_state == WallFollowerStates.WF_STATE_DRIVE2WALL
[2.935s]                                                                           ^
[2.936s] SyntaxError: expected ':'
[2.936s] 
[2.937s] running install_data
[2.938s] running install_egg_info
[2.941s] removing '/home/robu/work/robu_brajon19_ws/install/robu/lib/python3.10/site-packages/robu-0.0.0-py3.10.egg-info' (and everything under it)
[2.942s] Copying ../../build/robu/robu.egg-info to /home/robu/work/robu_brajon19_ws/install/robu/lib/python3.10/site-packages/robu-0.0.0-py3.10.egg-info
[2.947s] running install_scripts
[2.991s] Installing ex10_wallfollower script to /home/robu/work/robu_brajon19_ws/install/robu/lib/robu
[2.992s] Installing publisher script to /home/robu/work/robu_brajon19_ws/install/robu/lib/robu
[2.992s] Installing subscriber script to /home/robu/work/robu_brajon19_ws/install/robu/lib/robu
[2.994s] writing list of installed files to '/home/robu/work/robu_brajon19_ws/build/robu/install.log'
[3.066s] Invoked command in '/home/robu/work/robu_brajon19_ws/src/robu' returned '0': PYTHONPATH=/home/robu/work/robu_brajon19_ws/build/robu/prefix_override:/home/robu/work/robu_brajon19_ws/install/robu/lib/python3.10/site-packages:${PYTHONPATH} /usr/bin/python3 setup.py egg_info --egg-base ../../build/robu build --build-base /home/robu/work/robu_brajon19_ws/build/robu/build install --record /home/robu/work/robu_brajon19_ws/build/robu/install.log --single-version-externally-managed
