[1.429s] Invoking command in '/home/robu/work/robu_brajon19_ws/src/robu': PYTHONPATH=/home/robu/work/robu_brajon19_ws/build/robu/prefix_override:/home/robu/work/robu_brajon19_ws/install/robu/lib/python3.10/site-packages:${PYTHONPATH} /usr/bin/python3 setup.py egg_info --egg-base ../../build/robu build --build-base /home/robu/work/robu_brajon19_ws/build/robu/build install --record /home/robu/work/robu_brajon19_ws/build/robu/install.log --single-version-externally-managed
[1.950s] running egg_info
[1.952s] writing ../../build/robu/robu.egg-info/PKG-INFO
[1.960s] writing dependency_links to ../../build/robu/robu.egg-info/dependency_links.txt
[1.961s] writing entry points to ../../build/robu/robu.egg-info/entry_points.txt
[1.961s] writing requirements to ../../build/robu/robu.egg-info/requires.txt
[1.962s] writing top-level names to ../../build/robu/robu.egg-info/top_level.txt
[1.965s] reading manifest file '../../build/robu/robu.egg-info/SOURCES.txt'
[1.966s] writing manifest file '../../build/robu/robu.egg-info/SOURCES.txt'
[1.967s] running build
[1.967s] running build_py
[1.968s] copying robu/ex10_wallfollower.py -> /home/robu/work/robu_brajon19_ws/build/robu/build/lib/robu
[1.972s] running install
[1.973s] running install_lib
[1.975s] copying /home/robu/work/robu_brajon19_ws/build/robu/build/lib/robu/ex10_wallfollower.py -> /home/robu/work/robu_brajon19_ws/install/robu/lib/python3.10/site-packages/robu
[1.981s] byte-compiling /home/robu/work/robu_brajon19_ws/install/robu/lib/python3.10/site-packages/robu/ex10_wallfollower.py to ex10_wallfollower.cpython-310.pyc
[1.982s] running install_data
[1.984s] running install_egg_info
[1.986s] removing '/home/robu/work/robu_brajon19_ws/install/robu/lib/python3.10/site-packages/robu-0.0.0-py3.10.egg-info' (and everything under it)
[1.987s] Copying ../../build/robu/robu.egg-info to /home/robu/work/robu_brajon19_ws/install/robu/lib/python3.10/site-packages/robu-0.0.0-py3.10.egg-info
[1.992s] running install_scripts
[2.028s] Installing ex10_wallfollower script to /home/robu/work/robu_brajon19_ws/install/robu/lib/robu
[2.029s] Installing publisher script to /home/robu/work/robu_brajon19_ws/install/robu/lib/robu
[2.030s] Installing subscriber script to /home/robu/work/robu_brajon19_ws/install/robu/lib/robu
[2.032s] writing list of installed files to '/home/robu/work/robu_brajon19_ws/build/robu/install.log'
[2.109s] Invoked command in '/home/robu/work/robu_brajon19_ws/src/robu' returned '0': PYTHONPATH=/home/robu/work/robu_brajon19_ws/build/robu/prefix_override:/home/robu/work/robu_brajon19_ws/install/robu/lib/python3.10/site-packages:${PYTHONPATH} /usr/bin/python3 setup.py egg_info --egg-base ../../build/robu build --build-base /home/robu/work/robu_brajon19_ws/build/robu/build install --record /home/robu/work/robu_brajon19_ws/build/robu/install.log --single-version-externally-managed
