[1.314s] Invoking command in '/home/robu/work/robu_brajon19_ws/src/robu': PYTHONPATH=/home/robu/work/robu_brajon19_ws/build/robu/prefix_override:/home/robu/work/robu_brajon19_ws/install/robu/lib/python3.10/site-packages:${PYTHONPATH} /usr/bin/python3 setup.py egg_info --egg-base ../../build/robu build --build-base /home/robu/work/robu_brajon19_ws/build/robu/build install --record /home/robu/work/robu_brajon19_ws/build/robu/install.log --single-version-externally-managed
[1.842s] running egg_info
[1.843s] writing ../../build/robu/robu.egg-info/PKG-INFO
[1.852s] writing dependency_links to ../../build/robu/robu.egg-info/dependency_links.txt
[1.853s] writing entry points to ../../build/robu/robu.egg-info/entry_points.txt
[1.853s] writing requirements to ../../build/robu/robu.egg-info/requires.txt
[1.854s] writing top-level names to ../../build/robu/robu.egg-info/top_level.txt
[1.861s] reading manifest file '../../build/robu/robu.egg-info/SOURCES.txt'
[1.862s] writing manifest file '../../build/robu/robu.egg-info/SOURCES.txt'
[1.862s] running build
[1.863s] running build_py
[1.863s] copying robu/ex10_wallfollower.py -> /home/robu/work/robu_brajon19_ws/build/robu/build/lib/robu
[1.863s] running install
[1.864s] running install_lib
[1.867s] copying /home/robu/work/robu_brajon19_ws/build/robu/build/lib/robu/ex10_wallfollower.py -> /home/robu/work/robu_brajon19_ws/install/robu/lib/python3.10/site-packages/robu
[1.868s] byte-compiling /home/robu/work/robu_brajon19_ws/install/robu/lib/python3.10/site-packages/robu/ex10_wallfollower.py to ex10_wallfollower.cpython-310.pyc
[1.869s] running install_data
[1.870s] running install_egg_info
[1.872s] removing '/home/robu/work/robu_brajon19_ws/install/robu/lib/python3.10/site-packages/robu-0.0.0-py3.10.egg-info' (and everything under it)
[1.872s] Copying ../../build/robu/robu.egg-info to /home/robu/work/robu_brajon19_ws/install/robu/lib/python3.10/site-packages/robu-0.0.0-py3.10.egg-info
[1.877s] running install_scripts
[1.908s] Installing ex10_wallfollower script to /home/robu/work/robu_brajon19_ws/install/robu/lib/robu
[1.909s] Installing publisher script to /home/robu/work/robu_brajon19_ws/install/robu/lib/robu
[1.910s] Installing subscriber script to /home/robu/work/robu_brajon19_ws/install/robu/lib/robu
[1.911s] writing list of installed files to '/home/robu/work/robu_brajon19_ws/build/robu/install.log'
[1.983s] Invoked command in '/home/robu/work/robu_brajon19_ws/src/robu' returned '0': PYTHONPATH=/home/robu/work/robu_brajon19_ws/build/robu/prefix_override:/home/robu/work/robu_brajon19_ws/install/robu/lib/python3.10/site-packages:${PYTHONPATH} /usr/bin/python3 setup.py egg_info --egg-base ../../build/robu build --build-base /home/robu/work/robu_brajon19_ws/build/robu/build install --record /home/robu/work/robu_brajon19_ws/build/robu/install.log --single-version-externally-managed
