[1.328s] Invoking command in '/home/robu/work/robu_brajon19_ws/build/robu': PYTHONPATH=/home/robu/work/robu_brajon19_ws/build/robu/prefix_override:/home/robu/work/robu_brajon19_ws/install/robu/lib/python3.10/site-packages:${PYTHONPATH} /usr/bin/python3 setup.py develop --uninstall --editable --build-directory /home/robu/work/robu_brajon19_ws/build/robu/build
[1.962s] running develop
[2.459s] Invoked command in '/home/robu/work/robu_brajon19_ws/build/robu' returned '0': PYTHONPATH=/home/robu/work/robu_brajon19_ws/build/robu/prefix_override:/home/robu/work/robu_brajon19_ws/install/robu/lib/python3.10/site-packages:${PYTHONPATH} /usr/bin/python3 setup.py develop --uninstall --editable --build-directory /home/robu/work/robu_brajon19_ws/build/robu/build
[2.461s] Invoking command in '/home/robu/work/robu_brajon19_ws/src/robu': PYTHONPATH=/home/robu/work/robu_brajon19_ws/build/robu/prefix_override:/home/robu/work/robu_brajon19_ws/install/robu/lib/python3.10/site-packages:${PYTHONPATH} /usr/bin/python3 setup.py egg_info --egg-base ../../build/robu build --build-base /home/robu/work/robu_brajon19_ws/build/robu/build install --record /home/robu/work/robu_brajon19_ws/build/robu/install.log --single-version-externally-managed
[2.981s] running egg_info
[2.981s] writing ../../build/robu/robu.egg-info/PKG-INFO
[2.982s] writing dependency_links to ../../build/robu/robu.egg-info/dependency_links.txt
[2.982s] writing entry points to ../../build/robu/robu.egg-info/entry_points.txt
[2.983s] writing requirements to ../../build/robu/robu.egg-info/requires.txt
[2.983s] writing top-level names to ../../build/robu/robu.egg-info/top_level.txt
[2.986s] reading manifest file '../../build/robu/robu.egg-info/SOURCES.txt'
[2.987s] writing manifest file '../../build/robu/robu.egg-info/SOURCES.txt'
[2.987s] running build
[2.987s] running build_py
[2.987s] running install
[2.988s] running install_lib
[2.989s] byte-compiling /home/robu/work/robu_brajon19_ws/install/robu/lib/python3.10/site-packages/robu/ex10_wallfollower.py to ex10_wallfollower.cpython-310.pyc
[2.991s]   File "/home/robu/work/robu_brajon19_ws/install/robu/lib/python3.10/site-packages/robu/ex10_wallfollower.py", line 101
[2.991s]     elif self.wallfollower_state == WallFollowerStates.WF_STATE_DRIVE2WALL
[2.991s]                                                                           ^
[2.991s] SyntaxError: expected ':'
[2.991s] 
[2.991s] running install_data
[2.992s] running install_egg_info
[2.993s] removing '/home/robu/work/robu_brajon19_ws/install/robu/lib/python3.10/site-packages/robu-0.0.0-py3.10.egg-info' (and everything under it)
[3.004s] Copying ../../build/robu/robu.egg-info to /home/robu/work/robu_brajon19_ws/install/robu/lib/python3.10/site-packages/robu-0.0.0-py3.10.egg-info
[3.005s] running install_scripts
[3.039s] Installing ex10_wallfollower script to /home/robu/work/robu_brajon19_ws/install/robu/lib/robu
[3.043s] Installing publisher script to /home/robu/work/robu_brajon19_ws/install/robu/lib/robu
[3.043s] Installing subscriber script to /home/robu/work/robu_brajon19_ws/install/robu/lib/robu
[3.044s] writing list of installed files to '/home/robu/work/robu_brajon19_ws/build/robu/install.log'
[3.098s] Invoked command in '/home/robu/work/robu_brajon19_ws/src/robu' returned '0': PYTHONPATH=/home/robu/work/robu_brajon19_ws/build/robu/prefix_override:/home/robu/work/robu_brajon19_ws/install/robu/lib/python3.10/site-packages:${PYTHONPATH} /usr/bin/python3 setup.py egg_info --egg-base ../../build/robu build --build-base /home/robu/work/robu_brajon19_ws/build/robu/build install --record /home/robu/work/robu_brajon19_ws/build/robu/install.log --single-version-externally-managed
