[1.022s] Invoking command in '/home/robu/work/robu_brajon19_ws/build/robu': PYTHONPATH=/home/robu/work/robu_brajon19_ws/build/robu/prefix_override:/home/robu/work/robu_brajon19_ws/install/robu/lib/python3.10/site-packages:${PYTHONPATH} /usr/bin/python3 setup.py develop --uninstall --editable --build-directory /home/robu/work/robu_brajon19_ws/build/robu/build
[1.473s] running develop
[1.778s] Invoked command in '/home/robu/work/robu_brajon19_ws/build/robu' returned '0': PYTHONPATH=/home/robu/work/robu_brajon19_ws/build/robu/prefix_override:/home/robu/work/robu_brajon19_ws/install/robu/lib/python3.10/site-packages:${PYTHONPATH} /usr/bin/python3 setup.py develop --uninstall --editable --build-directory /home/robu/work/robu_brajon19_ws/build/robu/build
[1.778s] Invoking command in '/home/robu/work/robu_brajon19_ws/src/robu': PYTHONPATH=/home/robu/work/robu_brajon19_ws/build/robu/prefix_override:/home/robu/work/robu_brajon19_ws/install/robu/lib/python3.10/site-packages:${PYTHONPATH} /usr/bin/python3 setup.py egg_info --egg-base ../../build/robu build --build-base /home/robu/work/robu_brajon19_ws/build/robu/build install --record /home/robu/work/robu_brajon19_ws/build/robu/install.log --single-version-externally-managed
[2.136s] running egg_info
[2.137s] writing ../../build/robu/robu.egg-info/PKG-INFO
[2.137s] writing dependency_links to ../../build/robu/robu.egg-info/dependency_links.txt
[2.138s] writing entry points to ../../build/robu/robu.egg-info/entry_points.txt
[2.138s] writing requirements to ../../build/robu/robu.egg-info/requires.txt
[2.139s] writing top-level names to ../../build/robu/robu.egg-info/top_level.txt
[2.145s] reading manifest file '../../build/robu/robu.egg-info/SOURCES.txt'
[2.146s] writing manifest file '../../build/robu/robu.egg-info/SOURCES.txt'
[2.146s] running build
[2.146s] running build_py
[2.147s] copying robu/ex11_parameter.py -> /home/robu/work/robu_brajon19_ws/build/robu/build/lib/robu
[2.147s] running install
[2.148s] running install_lib
[2.149s] copying /home/robu/work/robu_brajon19_ws/build/robu/build/lib/robu/ex11_parameter.py -> /home/robu/work/robu_brajon19_ws/install/robu/lib/python3.10/site-packages/robu
[2.150s] byte-compiling /home/robu/work/robu_brajon19_ws/install/robu/lib/python3.10/site-packages/robu/ex11_parameter.py to ex11_parameter.cpython-310.pyc
[2.151s] running install_data
[2.152s] running install_egg_info
[2.154s] removing '/home/robu/work/robu_brajon19_ws/install/robu/lib/python3.10/site-packages/robu-0.0.0-py3.10.egg-info' (and everything under it)
[2.162s] Copying ../../build/robu/robu.egg-info to /home/robu/work/robu_brajon19_ws/install/robu/lib/python3.10/site-packages/robu-0.0.0-py3.10.egg-info
[2.164s] running install_scripts
[2.191s] Installing ex10_wallfollower script to /home/robu/work/robu_brajon19_ws/install/robu/lib/robu
[2.192s] Installing ex10_wallfollowerly script to /home/robu/work/robu_brajon19_ws/install/robu/lib/robu
[2.192s] Installing myparameter script to /home/robu/work/robu_brajon19_ws/install/robu/lib/robu
[2.193s] Installing publisher script to /home/robu/work/robu_brajon19_ws/install/robu/lib/robu
[2.193s] Installing subscriber script to /home/robu/work/robu_brajon19_ws/install/robu/lib/robu
[2.194s] writing list of installed files to '/home/robu/work/robu_brajon19_ws/build/robu/install.log'
[2.232s] Invoked command in '/home/robu/work/robu_brajon19_ws/src/robu' returned '0': PYTHONPATH=/home/robu/work/robu_brajon19_ws/build/robu/prefix_override:/home/robu/work/robu_brajon19_ws/install/robu/lib/python3.10/site-packages:${PYTHONPATH} /usr/bin/python3 setup.py egg_info --egg-base ../../build/robu build --build-base /home/robu/work/robu_brajon19_ws/build/robu/build install --record /home/robu/work/robu_brajon19_ws/build/robu/install.log --single-version-externally-managed
