[1.473s] Invoking command in '/home/robu/work/robu_brajon19_ws/src/robu': PYTHONPATH=/home/robu/work/robu_brajon19_ws/build/robu/prefix_override:/home/robu/work/robu_brajon19_ws/install/robu/lib/python3.10/site-packages:${PYTHONPATH} /usr/bin/python3 setup.py egg_info --egg-base ../../build/robu build --build-base /home/robu/work/robu_brajon19_ws/build/robu/build install --record /home/robu/work/robu_brajon19_ws/build/robu/install.log --single-version-externally-managed
[2.012s] running egg_info
[2.015s] writing ../../build/robu/robu.egg-info/PKG-INFO
[2.016s] writing dependency_links to ../../build/robu/robu.egg-info/dependency_links.txt
[2.017s] writing entry points to ../../build/robu/robu.egg-info/entry_points.txt
[2.018s] writing requirements to ../../build/robu/robu.egg-info/requires.txt
[2.021s] writing top-level names to ../../build/robu/robu.egg-info/top_level.txt
[2.025s] reading manifest file '../../build/robu/robu.egg-info/SOURCES.txt'
[2.027s] writing manifest file '../../build/robu/robu.egg-info/SOURCES.txt'
[2.030s] running build
[2.030s] running build_py
[2.031s] copying robu/ex10_wallfollower.py -> /home/robu/work/robu_brajon19_ws/build/robu/build/lib/robu
[2.032s] running install
[2.034s] running install_lib
[2.036s] copying /home/robu/work/robu_brajon19_ws/build/robu/build/lib/robu/ex10_wallfollower.py -> /home/robu/work/robu_brajon19_ws/install/robu/lib/python3.10/site-packages/robu
[2.039s] byte-compiling /home/robu/work/robu_brajon19_ws/install/robu/lib/python3.10/site-packages/robu/ex10_wallfollower.py to ex10_wallfollower.cpython-310.pyc
[2.040s] running install_data
[2.045s] running install_egg_info
[2.048s] removing '/home/robu/work/robu_brajon19_ws/install/robu/lib/python3.10/site-packages/robu-0.0.0-py3.10.egg-info' (and everything under it)
[2.049s] Copying ../../build/robu/robu.egg-info to /home/robu/work/robu_brajon19_ws/install/robu/lib/python3.10/site-packages/robu-0.0.0-py3.10.egg-info
[2.052s] running install_scripts
[2.093s] Installing ex10_wallfollower script to /home/robu/work/robu_brajon19_ws/install/robu/lib/robu
[2.094s] Installing publisher script to /home/robu/work/robu_brajon19_ws/install/robu/lib/robu
[2.095s] Installing subscriber script to /home/robu/work/robu_brajon19_ws/install/robu/lib/robu
[2.098s] writing list of installed files to '/home/robu/work/robu_brajon19_ws/build/robu/install.log'
[2.165s] Invoked command in '/home/robu/work/robu_brajon19_ws/src/robu' returned '0': PYTHONPATH=/home/robu/work/robu_brajon19_ws/build/robu/prefix_override:/home/robu/work/robu_brajon19_ws/install/robu/lib/python3.10/site-packages:${PYTHONPATH} /usr/bin/python3 setup.py egg_info --egg-base ../../build/robu build --build-base /home/robu/work/robu_brajon19_ws/build/robu/build install --record /home/robu/work/robu_brajon19_ws/build/robu/install.log --single-version-externally-managed
