[1.442s] Invoking command in '/home/robu/work/robu_brajon19_ws/build/robu': PYTHONPATH=/home/robu/work/robu_brajon19_ws/build/robu/prefix_override:/home/robu/work/robu_brajon19_ws/install/robu/lib/python3.10/site-packages:${PYTHONPATH} /usr/bin/python3 setup.py develop --uninstall --editable --build-directory /home/robu/work/robu_brajon19_ws/build/robu/build
[2.038s] running develop
[2.528s] Invoked command in '/home/robu/work/robu_brajon19_ws/build/robu' returned '0': PYTHONPATH=/home/robu/work/robu_brajon19_ws/build/robu/prefix_override:/home/robu/work/robu_brajon19_ws/install/robu/lib/python3.10/site-packages:${PYTHONPATH} /usr/bin/python3 setup.py develop --uninstall --editable --build-directory /home/robu/work/robu_brajon19_ws/build/robu/build
[2.529s] Invoking command in '/home/robu/work/robu_brajon19_ws/src/robu': PYTHONPATH=/home/robu/work/robu_brajon19_ws/build/robu/prefix_override:/home/robu/work/robu_brajon19_ws/install/robu/lib/python3.10/site-packages:${PYTHONPATH} /usr/bin/python3 setup.py egg_info --egg-base ../../build/robu build --build-base /home/robu/work/robu_brajon19_ws/build/robu/build install --record /home/robu/work/robu_brajon19_ws/build/robu/install.log --single-version-externally-managed
[3.054s] running egg_info
[3.054s] writing ../../build/robu/robu.egg-info/PKG-INFO
[3.055s] writing dependency_links to ../../build/robu/robu.egg-info/dependency_links.txt
[3.055s] writing entry points to ../../build/robu/robu.egg-info/entry_points.txt
[3.056s] writing requirements to ../../build/robu/robu.egg-info/requires.txt
[3.056s] writing top-level names to ../../build/robu/robu.egg-info/top_level.txt
[3.058s] reading manifest file '../../build/robu/robu.egg-info/SOURCES.txt'
[3.072s] writing manifest file '../../build/robu/robu.egg-info/SOURCES.txt'
[3.072s] running build
[3.072s] running build_py
[3.073s] running install
[3.073s] running install_lib
[3.073s] running install_data
[3.073s] running install_egg_info
[3.073s] removing '/home/robu/work/robu_brajon19_ws/install/robu/lib/python3.10/site-packages/robu-0.0.0-py3.10.egg-info' (and everything under it)
[3.080s] Copying ../../build/robu/robu.egg-info to /home/robu/work/robu_brajon19_ws/install/robu/lib/python3.10/site-packages/robu-0.0.0-py3.10.egg-info
[3.082s] running install_scripts
[3.112s] Installing ex10_wallfollower script to /home/robu/work/robu_brajon19_ws/install/robu/lib/robu
[3.113s] Installing publisher script to /home/robu/work/robu_brajon19_ws/install/robu/lib/robu
[3.114s] Installing subscriber script to /home/robu/work/robu_brajon19_ws/install/robu/lib/robu
[3.115s] writing list of installed files to '/home/robu/work/robu_brajon19_ws/build/robu/install.log'
[3.176s] Invoked command in '/home/robu/work/robu_brajon19_ws/src/robu' returned '0': PYTHONPATH=/home/robu/work/robu_brajon19_ws/build/robu/prefix_override:/home/robu/work/robu_brajon19_ws/install/robu/lib/python3.10/site-packages:${PYTHONPATH} /usr/bin/python3 setup.py egg_info --egg-base ../../build/robu build --build-base /home/robu/work/robu_brajon19_ws/build/robu/build install --record /home/robu/work/robu_brajon19_ws/build/robu/install.log --single-version-externally-managed
