[1.000s] Invoking command in '/home/robu/work/robu_brajon19_ws/build/robu': PYTHONPATH=/home/robu/work/robu_brajon19_ws/build/robu/prefix_override:/home/robu/work/robu_brajon19_ws/install/robu/lib/python3.10/site-packages:${PYTHONPATH} /usr/bin/python3 setup.py develop --uninstall --editable --build-directory /home/robu/work/robu_brajon19_ws/build/robu/build
[1.412s] running develop
[1.704s] Invoked command in '/home/robu/work/robu_brajon19_ws/build/robu' returned '0': PYTHONPATH=/home/robu/work/robu_brajon19_ws/build/robu/prefix_override:/home/robu/work/robu_brajon19_ws/install/robu/lib/python3.10/site-packages:${PYTHONPATH} /usr/bin/python3 setup.py develop --uninstall --editable --build-directory /home/robu/work/robu_brajon19_ws/build/robu/build
[1.705s] Invoking command in '/home/robu/work/robu_brajon19_ws/src/robu': PYTHONPATH=/home/robu/work/robu_brajon19_ws/build/robu/prefix_override:/home/robu/work/robu_brajon19_ws/install/robu/lib/python3.10/site-packages:${PYTHONPATH} /usr/bin/python3 setup.py egg_info --egg-base ../../build/robu build --build-base /home/robu/work/robu_brajon19_ws/build/robu/build install --record /home/robu/work/robu_brajon19_ws/build/robu/install.log --single-version-externally-managed
[2.064s] running egg_info
[2.065s] writing ../../build/robu/robu.egg-info/PKG-INFO
[2.065s] writing dependency_links to ../../build/robu/robu.egg-info/dependency_links.txt
[2.066s] writing entry points to ../../build/robu/robu.egg-info/entry_points.txt
[2.066s] writing requirements to ../../build/robu/robu.egg-info/requires.txt
[2.067s] writing top-level names to ../../build/robu/robu.egg-info/top_level.txt
[2.069s] reading manifest file '../../build/robu/robu.egg-info/SOURCES.txt'
[2.070s] writing manifest file '../../build/robu/robu.egg-info/SOURCES.txt'
[2.070s] running build
[2.070s] running build_py
[2.071s] copying robu/ex11_parameter.py -> /home/robu/work/robu_brajon19_ws/build/robu/build/lib/robu
[2.071s] running install
[2.072s] running install_lib
[2.073s] copying /home/robu/work/robu_brajon19_ws/build/robu/build/lib/robu/ex11_parameter.py -> /home/robu/work/robu_brajon19_ws/install/robu/lib/python3.10/site-packages/robu
[2.074s] byte-compiling /home/robu/work/robu_brajon19_ws/install/robu/lib/python3.10/site-packages/robu/ex11_parameter.py to ex11_parameter.cpython-310.pyc
[2.075s] running install_data
[2.076s] running install_egg_info
[2.078s] removing '/home/robu/work/robu_brajon19_ws/install/robu/lib/python3.10/site-packages/robu-0.0.0-py3.10.egg-info' (and everything under it)
[2.078s] Copying ../../build/robu/robu.egg-info to /home/robu/work/robu_brajon19_ws/install/robu/lib/python3.10/site-packages/robu-0.0.0-py3.10.egg-info
[2.080s] running install_scripts
[2.109s] Installing ex10_wallfollower script to /home/robu/work/robu_brajon19_ws/install/robu/lib/robu
[2.110s] Installing ex10_wallfollowerly script to /home/robu/work/robu_brajon19_ws/install/robu/lib/robu
[2.110s] Installing myparameter script to /home/robu/work/robu_brajon19_ws/install/robu/lib/robu
[2.111s] Installing publisher script to /home/robu/work/robu_brajon19_ws/install/robu/lib/robu
[2.111s] Installing subscriber script to /home/robu/work/robu_brajon19_ws/install/robu/lib/robu
[2.112s] writing list of installed files to '/home/robu/work/robu_brajon19_ws/build/robu/install.log'
[2.149s] Invoked command in '/home/robu/work/robu_brajon19_ws/src/robu' returned '0': PYTHONPATH=/home/robu/work/robu_brajon19_ws/build/robu/prefix_override:/home/robu/work/robu_brajon19_ws/install/robu/lib/python3.10/site-packages:${PYTHONPATH} /usr/bin/python3 setup.py egg_info --egg-base ../../build/robu build --build-base /home/robu/work/robu_brajon19_ws/build/robu/build install --record /home/robu/work/robu_brajon19_ws/build/robu/install.log --single-version-externally-managed
