[1.491s] Invoking command in '/home/robu/work/robu_brajon19_ws/build/robu': PYTHONPATH=/home/robu/work/robu_brajon19_ws/build/robu/prefix_override:/home/robu/work/robu_brajon19_ws/install/robu/lib/python3.10/site-packages:${PYTHONPATH} /usr/bin/python3 setup.py develop --uninstall --editable --build-directory /home/robu/work/robu_brajon19_ws/build/robu/build
[2.048s] running develop
[2.446s] Invoked command in '/home/robu/work/robu_brajon19_ws/build/robu' returned '0': PYTHONPATH=/home/robu/work/robu_brajon19_ws/build/robu/prefix_override:/home/robu/work/robu_brajon19_ws/install/robu/lib/python3.10/site-packages:${PYTHONPATH} /usr/bin/python3 setup.py develop --uninstall --editable --build-directory /home/robu/work/robu_brajon19_ws/build/robu/build
[2.447s] Invoking command in '/home/robu/work/robu_brajon19_ws/src/robu': PYTHONPATH=/home/robu/work/robu_brajon19_ws/build/robu/prefix_override:/home/robu/work/robu_brajon19_ws/install/robu/lib/python3.10/site-packages:${PYTHONPATH} /usr/bin/python3 setup.py egg_info --egg-base ../../build/robu build --build-base /home/robu/work/robu_brajon19_ws/build/robu/build install --record /home/robu/work/robu_brajon19_ws/build/robu/install.log --single-version-externally-managed
[2.934s] running egg_info
[2.935s] writing ../../build/robu/robu.egg-info/PKG-INFO
[2.935s] writing dependency_links to ../../build/robu/robu.egg-info/dependency_links.txt
[2.936s] writing entry points to ../../build/robu/robu.egg-info/entry_points.txt
[2.936s] writing requirements to ../../build/robu/robu.egg-info/requires.txt
[2.937s] writing top-level names to ../../build/robu/robu.egg-info/top_level.txt
[2.939s] reading manifest file '../../build/robu/robu.egg-info/SOURCES.txt'
[2.940s] writing manifest file '../../build/robu/robu.egg-info/SOURCES.txt'
[2.940s] running build
[2.941s] running build_py
[2.941s] running install
[2.941s] running install_lib
[2.943s] running install_data
[2.944s] running install_egg_info
[2.946s] removing '/home/robu/work/robu_brajon19_ws/install/robu/lib/python3.10/site-packages/robu-0.0.0-py3.10.egg-info' (and everything under it)
[2.948s] Copying ../../build/robu/robu.egg-info to /home/robu/work/robu_brajon19_ws/install/robu/lib/python3.10/site-packages/robu-0.0.0-py3.10.egg-info
[2.948s] running install_scripts
[2.982s] Installing ex10_wallfollower script to /home/robu/work/robu_brajon19_ws/install/robu/lib/robu
[2.982s] Installing ex10_wallfollowerly script to /home/robu/work/robu_brajon19_ws/install/robu/lib/robu
[2.983s] Installing myparameter script to /home/robu/work/robu_brajon19_ws/install/robu/lib/robu
[2.983s] Installing publisher script to /home/robu/work/robu_brajon19_ws/install/robu/lib/robu
[2.984s] Installing subscriber script to /home/robu/work/robu_brajon19_ws/install/robu/lib/robu
[2.984s] writing list of installed files to '/home/robu/work/robu_brajon19_ws/build/robu/install.log'
[3.051s] Invoked command in '/home/robu/work/robu_brajon19_ws/src/robu' returned '0': PYTHONPATH=/home/robu/work/robu_brajon19_ws/build/robu/prefix_override:/home/robu/work/robu_brajon19_ws/install/robu/lib/python3.10/site-packages:${PYTHONPATH} /usr/bin/python3 setup.py egg_info --egg-base ../../build/robu build --build-base /home/robu/work/robu_brajon19_ws/build/robu/build install --record /home/robu/work/robu_brajon19_ws/build/robu/install.log --single-version-externally-managed
