[1.213s] Invoking command in '/home/robu/work/robu_brajon19_ws/build/robu': PYTHONPATH=/home/robu/work/robu_brajon19_ws/build/robu/prefix_override:/home/robu/work/robu_brajon19_ws/install/robu/lib/python3.10/site-packages:${PYTHONPATH} /usr/bin/python3 setup.py develop --uninstall --editable --build-directory /home/robu/work/robu_brajon19_ws/build/robu/build
[1.625s] running develop
[1.903s] Invoked command in '/home/robu/work/robu_brajon19_ws/build/robu' returned '0': PYTHONPATH=/home/robu/work/robu_brajon19_ws/build/robu/prefix_override:/home/robu/work/robu_brajon19_ws/install/robu/lib/python3.10/site-packages:${PYTHONPATH} /usr/bin/python3 setup.py develop --uninstall --editable --build-directory /home/robu/work/robu_brajon19_ws/build/robu/build
[1.905s] Invoking command in '/home/robu/work/robu_brajon19_ws/src/robu': PYTHONPATH=/home/robu/work/robu_brajon19_ws/build/robu/prefix_override:/home/robu/work/robu_brajon19_ws/install/robu/lib/python3.10/site-packages:${PYTHONPATH} /usr/bin/python3 setup.py egg_info --egg-base ../../build/robu build --build-base /home/robu/work/robu_brajon19_ws/build/robu/build install --record /home/robu/work/robu_brajon19_ws/build/robu/install.log --single-version-externally-managed
[2.240s] running egg_info
[2.242s] writing ../../build/robu/robu.egg-info/PKG-INFO
[2.243s] writing dependency_links to ../../build/robu/robu.egg-info/dependency_links.txt
[2.244s] writing entry points to ../../build/robu/robu.egg-info/entry_points.txt
[2.245s] writing requirements to ../../build/robu/robu.egg-info/requires.txt
[2.245s] writing top-level names to ../../build/robu/robu.egg-info/top_level.txt
[2.249s] reading manifest file '../../build/robu/robu.egg-info/SOURCES.txt'
[2.255s] writing manifest file '../../build/robu/robu.egg-info/SOURCES.txt'
[2.256s] running build
[2.256s] running build_py
[2.258s] copying robu/ex11_parameter.py -> /home/robu/work/robu_brajon19_ws/build/robu/build/lib/robu
[2.259s] running install
[2.268s] running install_lib
[2.269s] copying /home/robu/work/robu_brajon19_ws/build/robu/build/lib/robu/ex11_parameter.py -> /home/robu/work/robu_brajon19_ws/install/robu/lib/python3.10/site-packages/robu
[2.273s] Sorry: IndentationError: unexpected indent (ex11_parameter.py, line 39)
[2.273s] byte-compiling /home/robu/work/robu_brajon19_ws/install/robu/lib/python3.10/site-packages/robu/ex11_parameter.py to ex11_parameter.cpython-310.pyc
[2.273s] running install_data
[2.273s] running install_egg_info
[2.277s] removing '/home/robu/work/robu_brajon19_ws/install/robu/lib/python3.10/site-packages/robu-0.0.0-py3.10.egg-info' (and everything under it)
[2.277s] Copying ../../build/robu/robu.egg-info to /home/robu/work/robu_brajon19_ws/install/robu/lib/python3.10/site-packages/robu-0.0.0-py3.10.egg-info
[2.280s] running install_scripts
[2.303s] Installing ex10_wallfollower script to /home/robu/work/robu_brajon19_ws/install/robu/lib/robu
[2.303s] Installing ex10_wallfollowerly script to /home/robu/work/robu_brajon19_ws/install/robu/lib/robu
[2.304s] Installing myparameter script to /home/robu/work/robu_brajon19_ws/install/robu/lib/robu
[2.304s] Installing publisher script to /home/robu/work/robu_brajon19_ws/install/robu/lib/robu
[2.304s] Installing subscriber script to /home/robu/work/robu_brajon19_ws/install/robu/lib/robu
[2.305s] writing list of installed files to '/home/robu/work/robu_brajon19_ws/build/robu/install.log'
[2.337s] Invoked command in '/home/robu/work/robu_brajon19_ws/src/robu' returned '0': PYTHONPATH=/home/robu/work/robu_brajon19_ws/build/robu/prefix_override:/home/robu/work/robu_brajon19_ws/install/robu/lib/python3.10/site-packages:${PYTHONPATH} /usr/bin/python3 setup.py egg_info --egg-base ../../build/robu build --build-base /home/robu/work/robu_brajon19_ws/build/robu/build install --record /home/robu/work/robu_brajon19_ws/build/robu/install.log --single-version-externally-managed
