[1.049s] Invoking command in '/home/robu/work/robu_brajon19_ws/src/robu': PYTHONPATH=/home/robu/work/robu_brajon19_ws/build/robu/prefix_override:/home/robu/work/robu_brajon19_ws/install/robu/lib/python3.10/site-packages:${PYTHONPATH} /usr/bin/python3 setup.py egg_info --egg-base ../../build/robu build --build-base /home/robu/work/robu_brajon19_ws/build/robu/build install --record /home/robu/work/robu_brajon19_ws/build/robu/install.log --single-version-externally-managed
[1.414s] running egg_info
[1.415s] writing ../../build/robu/robu.egg-info/PKG-INFO
[1.416s] writing dependency_links to ../../build/robu/robu.egg-info/dependency_links.txt
[1.416s] writing entry points to ../../build/robu/robu.egg-info/entry_points.txt
[1.417s] writing requirements to ../../build/robu/robu.egg-info/requires.txt
[1.417s] writing top-level names to ../../build/robu/robu.egg-info/top_level.txt
[1.420s] reading manifest file '../../build/robu/robu.egg-info/SOURCES.txt'
[1.421s] writing manifest file '../../build/robu/robu.egg-info/SOURCES.txt'
[1.422s] running build
[1.422s] running build_py
[1.422s] copying robu/ex10_wallfollower.py -> /home/robu/work/robu_brajon19_ws/build/robu/build/lib/robu
[1.423s] running install
[1.424s] running install_lib
[1.425s] copying /home/robu/work/robu_brajon19_ws/build/robu/build/lib/robu/ex10_wallfollower.py -> /home/robu/work/robu_brajon19_ws/install/robu/lib/python3.10/site-packages/robu
[1.426s] byte-compiling /home/robu/work/robu_brajon19_ws/install/robu/lib/python3.10/site-packages/robu/ex10_wallfollower.py to ex10_wallfollower.cpython-310.pyc
[1.427s] running install_data
[1.428s] running install_egg_info
[1.430s] removing '/home/robu/work/robu_brajon19_ws/install/robu/lib/python3.10/site-packages/robu-0.0.0-py3.10.egg-info' (and everything under it)
[1.431s] Copying ../../build/robu/robu.egg-info to /home/robu/work/robu_brajon19_ws/install/robu/lib/python3.10/site-packages/robu-0.0.0-py3.10.egg-info
[1.439s] running install_scripts
[1.472s] Installing ex10_wallfollower script to /home/robu/work/robu_brajon19_ws/install/robu/lib/robu
[1.473s] Installing publisher script to /home/robu/work/robu_brajon19_ws/install/robu/lib/robu
[1.474s] Installing subscriber script to /home/robu/work/robu_brajon19_ws/install/robu/lib/robu
[1.476s] writing list of installed files to '/home/robu/work/robu_brajon19_ws/build/robu/install.log'
[1.509s] Invoked command in '/home/robu/work/robu_brajon19_ws/src/robu' returned '0': PYTHONPATH=/home/robu/work/robu_brajon19_ws/build/robu/prefix_override:/home/robu/work/robu_brajon19_ws/install/robu/lib/python3.10/site-packages:${PYTHONPATH} /usr/bin/python3 setup.py egg_info --egg-base ../../build/robu build --build-base /home/robu/work/robu_brajon19_ws/build/robu/build install --record /home/robu/work/robu_brajon19_ws/build/robu/install.log --single-version-externally-managed
